<?xml version="1.0" encoding="UTF-8"?>
<!-- Generated by org.testng.reporters.JUnitReportReporter -->
<testsuite hostname="LAPTOP-AEN02JR3" failures="0" tests="1" name="extentreports.Assignment" time="9.420" errors="0" timestamp="2025-06-23T20:40:51 IST" skipped="0">
  <testcase classname="extentreports.Assignment" name="demowebshopScreenShot" time="9.420"/>
</testsuite> <!-- extentreports.Assignment -->
