<?xml version="1.0" encoding="UTF-8"?>
<!-- Generated by org.testng.reporters.JUnitReportReporter -->
<testsuite hostname="LAPTOP-AEN02JR3" failures="0" tests="1" name="mavendemo.Demo" time="7.298" errors="0" timestamp="2025-06-20T13:28:04 IST" skipped="0">
  <testcase classname="mavendemo.Demo" name="openBrowser" time="7.298"/>
</testsuite> <!-- mavendemo.Demo -->
