<?xml version="1.0" encoding="UTF-8"?>
<!-- Generated by org.testng.reporters.JUnitReportReporter -->
<testsuite hostname="LAPTOP-AEN02JR3" failures="0" tests="1" name="extentreports.LearnExtentReports" time="0.537" errors="0" timestamp="2025-06-23T13:28:24 IST" skipped="0">
  <testcase classname="extentreports.LearnExtentReports" name="createReport" time="0.537"/>
</testsuite> <!-- extentreports.LearnExtentReports -->
