<?xml version="1.0" encoding="UTF-8"?>
<!-- Generated by org.testng.reporters.JUnitReportReporter -->
<testsuite hostname="LAPTOP-AEN02JR3" failures="0" tests="1" name="extentreports.AddScreenShotIntoReport" time="7.331" errors="0" timestamp="2025-06-23T14:02:59 IST" skipped="0">
  <testcase classname="extentreports.AddScreenShotIntoReport" name="addScreenShot" time="7.331"/>
</testsuite> <!-- extentreports.AddScreenShotIntoReport -->
